{"timestamp":"2024-12-23T18:44:20.8542429Z","message":"Starting PraticasApplication using Java 19.0.2 with PID 8460 (C:\\Users\\ricar\\Documents\\Curso FullStack\\Framework Spring\\praticas\\target\\classes started by ricar in C:\\Users\\ricar\\Documents\\Curso FullStack\\Framework Spring\\praticas)","logger_name":"com.tokioschool.praticas.PraticasApplication","thread_name":"restartedMain","level":"INFO"}
{"timestamp":"2024-12-23T18:44:20.8644753Z","message":"No active profile set, falling back to 1 default profile: \"default\"","logger_name":"com.tokioschool.praticas.PraticasApplication","thread_name":"restartedMain","level":"INFO"}
{"timestamp":"2024-12-23T18:44:20.8987115Z","message":"Devtools property defaults active! Set 'spring.devtools.add-properties' to 'false' to disable","logger_name":"org.springframework.boot.devtools.env.DevToolsPropertyDefaultsPostProcessor","thread_name":"restartedMain","level":"INFO"}
{"timestamp":"2024-12-23T18:44:20.8997183Z","message":"For additional web related logging consider setting the 'logging.level.web' property to 'DEBUG'","logger_name":"org.springframework.boot.devtools.env.DevToolsPropertyDefaultsPostProcessor","thread_name":"restartedMain","level":"INFO"}
{"timestamp":"2024-12-23T18:44:21.4558286Z","message":"Bootstrapping Spring Data JPA repositories in DEFAULT mode.","logger_name":"org.springframework.data.repository.config.RepositoryConfigurationDelegate","thread_name":"restartedMain","level":"INFO"}
{"timestamp":"2024-12-23T18:44:21.5100689Z","message":"Finished Spring Data repository scanning in 48 ms. Found 3 JPA repository interfaces.","logger_name":"org.springframework.data.repository.config.RepositoryConfigurationDelegate","thread_name":"restartedMain","level":"INFO"}
{"timestamp":"2024-12-23T18:44:22.0536373Z","message":"Tomcat initialized with port 8080 (http)","logger_name":"org.springframework.boot.web.embedded.tomcat.TomcatWebServer","thread_name":"restartedMain","level":"INFO"}
{"timestamp":"2024-12-23T18:44:22.0635384Z","message":"Initializing ProtocolHandler [\"http-nio-8080\"]","logger_name":"org.apache.coyote.http11.Http11NioProtocol","thread_name":"restartedMain","level":"INFO"}
{"timestamp":"2024-12-23T18:44:22.0665482Z","message":"Starting service [Tomcat]","logger_name":"org.apache.catalina.core.StandardService","thread_name":"restartedMain","level":"INFO"}
{"timestamp":"2024-12-23T18:44:22.0665482Z","message":"Starting Servlet engine: [Apache Tomcat/10.1.26]","logger_name":"org.apache.catalina.core.StandardEngine","thread_name":"restartedMain","level":"INFO"}
{"timestamp":"2024-12-23T18:44:22.1151296Z","message":"Initializing Spring embedded WebApplicationContext","logger_name":"org.apache.catalina.core.ContainerBase.[Tomcat].[localhost].[/]","thread_name":"restartedMain","level":"INFO"}
{"timestamp":"2024-12-23T18:44:22.1151296Z","message":"Root WebApplicationContext: initialization completed in 1215 ms","logger_name":"org.springframework.boot.web.servlet.context.ServletWebServerApplicationContext","thread_name":"restartedMain","level":"INFO"}
{"timestamp":"2024-12-23T18:44:22.2361334Z","message":"HHH000204: Processing PersistenceUnitInfo [name: default]","logger_name":"org.hibernate.jpa.internal.util.LogHelper","thread_name":"restartedMain","level":"INFO"}
{"timestamp":"2024-12-23T18:44:22.2863784Z","message":"HHH000412: Hibernate ORM core version 6.5.2.Final","logger_name":"org.hibernate.Version","thread_name":"restartedMain","level":"INFO"}
{"timestamp":"2024-12-23T18:44:22.3193613Z","message":"HHH000026: Second-level cache disabled","logger_name":"org.hibernate.cache.internal.RegionFactoryInitiator","thread_name":"restartedMain","level":"INFO"}
{"timestamp":"2024-12-23T18:44:22.5337066Z","message":"No LoadTimeWeaver setup: ignoring JPA class transformer","logger_name":"org.springframework.orm.jpa.persistenceunit.SpringPersistenceUnitInfo","thread_name":"restartedMain","level":"INFO"}
{"timestamp":"2024-12-23T18:44:22.5571491Z","message":"HikariPool-1 - Starting...","logger_name":"com.zaxxer.hikari.HikariDataSource","thread_name":"restartedMain","level":"INFO"}
{"timestamp":"2024-12-23T18:44:22.7566089Z","message":"HikariPool-1 - Added connection com.mysql.cj.jdbc.ConnectionImpl@b487c30","logger_name":"com.zaxxer.hikari.pool.HikariPool","thread_name":"restartedMain","level":"INFO"}
{"timestamp":"2024-12-23T18:44:22.7586021Z","message":"HikariPool-1 - Start completed.","logger_name":"com.zaxxer.hikari.HikariDataSource","thread_name":"restartedMain","level":"INFO"}
{"timestamp":"2024-12-23T18:44:23.466058Z","message":"HHH000489: No JTA platform available (set 'hibernate.transaction.jta.platform' to enable JTA platform integration)","logger_name":"org.hibernate.engine.transaction.jta.platform.internal.JtaPlatformInitiator","thread_name":"restartedMain","level":"INFO"}
{"timestamp":"2024-12-23T18:44:23.5128445Z","message":"Initialized JPA EntityManagerFactory for persistence unit 'default'","logger_name":"org.springframework.orm.jpa.LocalContainerEntityManagerFactoryBean","thread_name":"restartedMain","level":"INFO"}
{"timestamp":"2024-12-23T18:44:23.8684721Z","message":"Hibernate is in classpath; If applicable, HQL parser will be used.","logger_name":"org.springframework.data.jpa.repository.query.QueryEnhancerFactory","thread_name":"restartedMain","level":"INFO"}
{"timestamp":"2024-12-23T18:44:23.9314652Z","message":"Global AuthenticationManager configured with UserDetailsService bean with name securityAppUserService","logger_name":"org.springframework.security.config.annotation.authentication.configuration.InitializeUserDetailsBeanManagerConfigurer$InitializeUserDetailsManagerConfigurer","thread_name":"restartedMain","level":"INFO"}
{"timestamp":"2024-12-23T18:44:24.3116557Z","message":"LiveReload server is running on port 35729","logger_name":"org.springframework.boot.devtools.autoconfigure.OptionalLiveReloadServer","thread_name":"restartedMain","level":"INFO"}
{"timestamp":"2024-12-23T18:44:24.3238335Z","message":"Starting ProtocolHandler [\"http-nio-8080\"]","logger_name":"org.apache.coyote.http11.Http11NioProtocol","thread_name":"restartedMain","level":"INFO"}
{"timestamp":"2024-12-23T18:44:24.3385611Z","message":"Tomcat started on port 8080 (http) with context path '/'","logger_name":"org.springframework.boot.web.embedded.tomcat.TomcatWebServer","thread_name":"restartedMain","level":"INFO"}
{"timestamp":"2024-12-23T18:44:24.3466723Z","message":"Started PraticasApplication in 3.732 seconds (process running for 4.377)","logger_name":"com.tokioschool.praticas.PraticasApplication","thread_name":"restartedMain","level":"INFO"}
{"timestamp":"2024-12-23T18:48:44.0428975Z","message":"Initializing Spring DispatcherServlet 'dispatcherServlet'","logger_name":"org.apache.catalina.core.ContainerBase.[Tomcat].[localhost].[/]","thread_name":"http-nio-8080-exec-2","level":"INFO"}
{"timestamp":"2024-12-23T18:48:44.0428975Z","message":"Initializing Servlet 'dispatcherServlet'","logger_name":"org.springframework.web.servlet.DispatcherServlet","thread_name":"http-nio-8080-exec-2","level":"INFO"}
{"timestamp":"2024-12-23T18:48:44.0439191Z","message":"Completed initialization in 0 ms","logger_name":"org.springframework.web.servlet.DispatcherServlet","thread_name":"http-nio-8080-exec-2","level":"INFO"}
{"timestamp":"2024-12-23T18:48:53.193429Z","message":"Successfull login: id=8, username=TokyoAdmin","logger_name":"com.tokioschool.praticas.controllers.AuthController","thread_name":"http-nio-8080-exec-5","level":"INFO","method":"POST","endpoint":"/login"}
{"timestamp":"2024-12-23T18:49:47.5835833Z","message":"A product was created.","logger_name":"com.tokioschool.praticas.controllers.ProductController","thread_name":"http-nio-8080-exec-3","level":"INFO","endpoint":"/products/create_product","method":"POST","userId":"8","roles":"[Role(id=2, name=ADMIN)]","username":"TokyoAdmin","createdProduct":{"id":36,"name":"Télélé","price":50.0,"weight":200.0,"stock":1,"image":"","description":""}}
{"timestamp":"2024-12-23T18:50:09.910393Z","message":"The product with id: 5 does not exist.","logger_name":"com.tokioschool.praticas.exceptions.GlobalExceptionHandler","thread_name":"http-nio-8080-exec-3","level":"WARN","endpoint":"/products/5","method":"GET","userId":"8","roles":"[Role(id=2, name=ADMIN)]","username":"TokyoAdmin","status":1404}
{"timestamp":"2024-12-23T18:50:18.7346294Z","message":"Attempt to access non-existent endpoint.","logger_name":"com.tokioschool.praticas.controllers.AppErrorController","thread_name":"http-nio-8080-exec-8","level":"INFO","endpoint":"/prod","method":"GET","userId":"8","roles":"[Role(id=2, name=ADMIN)]","username":"TokyoAdmin","status":404}
{"timestamp":"2024-12-23T18:53:39.5200765Z","message":"Closing JPA EntityManagerFactory for persistence unit 'default'","logger_name":"org.springframework.orm.jpa.LocalContainerEntityManagerFactoryBean","thread_name":"SpringApplicationShutdownHook","level":"INFO"}
{"timestamp":"2024-12-23T18:53:39.5230989Z","message":"HikariPool-1 - Shutdown initiated...","logger_name":"com.zaxxer.hikari.HikariDataSource","thread_name":"SpringApplicationShutdownHook","level":"INFO"}
{"timestamp":"2024-12-23T18:53:39.528546Z","message":"HikariPool-1 - Shutdown completed.","logger_name":"com.zaxxer.hikari.HikariDataSource","thread_name":"SpringApplicationShutdownHook","level":"INFO"}
{"timestamp":"2024-12-23T18:53:54.1139984Z","message":"Starting PraticasApplication using Java 19.0.2 with PID 22784 (C:\\Users\\ricar\\Documents\\Curso FullStack\\Framework Spring\\praticas\\target\\classes started by ricar in C:\\Users\\ricar\\Documents\\Curso FullStack\\Framework Spring\\praticas)","logger_name":"com.tokioschool.praticas.PraticasApplication","thread_name":"restartedMain","level":"INFO"}
{"timestamp":"2024-12-23T18:53:54.1240073Z","message":"No active profile set, falling back to 1 default profile: \"default\"","logger_name":"com.tokioschool.praticas.PraticasApplication","thread_name":"restartedMain","level":"INFO"}
{"timestamp":"2024-12-23T18:53:54.1563042Z","message":"Devtools property defaults active! Set 'spring.devtools.add-properties' to 'false' to disable","logger_name":"org.springframework.boot.devtools.env.DevToolsPropertyDefaultsPostProcessor","thread_name":"restartedMain","level":"INFO"}
{"timestamp":"2024-12-23T18:53:54.1576456Z","message":"For additional web related logging consider setting the 'logging.level.web' property to 'DEBUG'","logger_name":"org.springframework.boot.devtools.env.DevToolsPropertyDefaultsPostProcessor","thread_name":"restartedMain","level":"INFO"}
{"timestamp":"2024-12-23T18:53:54.6845884Z","message":"Bootstrapping Spring Data JPA repositories in DEFAULT mode.","logger_name":"org.springframework.data.repository.config.RepositoryConfigurationDelegate","thread_name":"restartedMain","level":"INFO"}
{"timestamp":"2024-12-23T18:53:54.7381866Z","message":"Finished Spring Data repository scanning in 48 ms. Found 3 JPA repository interfaces.","logger_name":"org.springframework.data.repository.config.RepositoryConfigurationDelegate","thread_name":"restartedMain","level":"INFO"}
{"timestamp":"2024-12-23T18:53:55.2630542Z","message":"Tomcat initialized with port 8080 (http)","logger_name":"org.springframework.boot.web.embedded.tomcat.TomcatWebServer","thread_name":"restartedMain","level":"INFO"}
{"timestamp":"2024-12-23T18:53:55.273Z","message":"Initializing ProtocolHandler [\"http-nio-8080\"]","logger_name":"org.apache.coyote.http11.Http11NioProtocol","thread_name":"restartedMain","level":"INFO"}
{"timestamp":"2024-12-23T18:53:55.2755033Z","message":"Starting service [Tomcat]","logger_name":"org.apache.catalina.core.StandardService","thread_name":"restartedMain","level":"INFO"}
{"timestamp":"2024-12-23T18:53:55.2755033Z","message":"Starting Servlet engine: [Apache Tomcat/10.1.26]","logger_name":"org.apache.catalina.core.StandardEngine","thread_name":"restartedMain","level":"INFO"}
{"timestamp":"2024-12-23T18:53:55.3208903Z","message":"Initializing Spring embedded WebApplicationContext","logger_name":"org.apache.catalina.core.ContainerBase.[Tomcat].[localhost].[/]","thread_name":"restartedMain","level":"INFO"}
{"timestamp":"2024-12-23T18:53:55.3218869Z","message":"Root WebApplicationContext: initialization completed in 1163 ms","logger_name":"org.springframework.boot.web.servlet.context.ServletWebServerApplicationContext","thread_name":"restartedMain","level":"INFO"}
{"timestamp":"2024-12-23T18:53:55.4574061Z","message":"HHH000204: Processing PersistenceUnitInfo [name: default]","logger_name":"org.hibernate.jpa.internal.util.LogHelper","thread_name":"restartedMain","level":"INFO"}
{"timestamp":"2024-12-23T18:53:55.5023613Z","message":"HHH000412: Hibernate ORM core version 6.5.2.Final","logger_name":"org.hibernate.Version","thread_name":"restartedMain","level":"INFO"}
{"timestamp":"2024-12-23T18:53:55.533057Z","message":"HHH000026: Second-level cache disabled","logger_name":"org.hibernate.cache.internal.RegionFactoryInitiator","thread_name":"restartedMain","level":"INFO"}
{"timestamp":"2024-12-23T18:53:55.7637299Z","message":"No LoadTimeWeaver setup: ignoring JPA class transformer","logger_name":"org.springframework.orm.jpa.persistenceunit.SpringPersistenceUnitInfo","thread_name":"restartedMain","level":"INFO"}
{"timestamp":"2024-12-23T18:53:55.7899407Z","message":"HikariPool-1 - Starting...","logger_name":"com.zaxxer.hikari.HikariDataSource","thread_name":"restartedMain","level":"INFO"}
{"timestamp":"2024-12-23T18:53:56.0408012Z","message":"HikariPool-1 - Added connection com.mysql.cj.jdbc.ConnectionImpl@43abd1d3","logger_name":"com.zaxxer.hikari.pool.HikariPool","thread_name":"restartedMain","level":"INFO"}
{"timestamp":"2024-12-23T18:53:56.0423171Z","message":"HikariPool-1 - Start completed.","logger_name":"com.zaxxer.hikari.HikariDataSource","thread_name":"restartedMain","level":"INFO"}
{"timestamp":"2024-12-23T18:53:56.7398873Z","message":"HHH000489: No JTA platform available (set 'hibernate.transaction.jta.platform' to enable JTA platform integration)","logger_name":"org.hibernate.engine.transaction.jta.platform.internal.JtaPlatformInitiator","thread_name":"restartedMain","level":"INFO"}
{"timestamp":"2024-12-23T18:53:56.7863332Z","message":"Initialized JPA EntityManagerFactory for persistence unit 'default'","logger_name":"org.springframework.orm.jpa.LocalContainerEntityManagerFactoryBean","thread_name":"restartedMain","level":"INFO"}
{"timestamp":"2024-12-23T18:53:57.1422755Z","message":"Hibernate is in classpath; If applicable, HQL parser will be used.","logger_name":"org.springframework.data.jpa.repository.query.QueryEnhancerFactory","thread_name":"restartedMain","level":"INFO"}
{"timestamp":"2024-12-23T18:53:57.2245362Z","message":"Global AuthenticationManager configured with UserDetailsService bean with name securityAppUserService","logger_name":"org.springframework.security.config.annotation.authentication.configuration.InitializeUserDetailsBeanManagerConfigurer$InitializeUserDetailsManagerConfigurer","thread_name":"restartedMain","level":"INFO"}
{"timestamp":"2024-12-23T18:53:57.6355072Z","message":"LiveReload server is running on port 35729","logger_name":"org.springframework.boot.devtools.autoconfigure.OptionalLiveReloadServer","thread_name":"restartedMain","level":"INFO"}
{"timestamp":"2024-12-23T18:53:57.646246Z","message":"Starting ProtocolHandler [\"http-nio-8080\"]","logger_name":"org.apache.coyote.http11.Http11NioProtocol","thread_name":"restartedMain","level":"INFO"}
{"timestamp":"2024-12-23T18:53:57.665332Z","message":"Tomcat started on port 8080 (http) with context path '/'","logger_name":"org.springframework.boot.web.embedded.tomcat.TomcatWebServer","thread_name":"restartedMain","level":"INFO"}
{"timestamp":"2024-12-23T18:53:57.6729341Z","message":"Started PraticasApplication in 3.823 seconds (process running for 4.492)","logger_name":"com.tokioschool.praticas.PraticasApplication","thread_name":"restartedMain","level":"INFO"}
{"timestamp":"2024-12-23T18:54:00.9821589Z","message":"Initializing Spring DispatcherServlet 'dispatcherServlet'","logger_name":"org.apache.catalina.core.ContainerBase.[Tomcat].[localhost].[/]","thread_name":"http-nio-8080-exec-2","level":"INFO"}
{"timestamp":"2024-12-23T18:54:00.9821589Z","message":"Initializing Servlet 'dispatcherServlet'","logger_name":"org.springframework.web.servlet.DispatcherServlet","thread_name":"http-nio-8080-exec-2","level":"INFO"}
{"timestamp":"2024-12-23T18:54:00.9831669Z","message":"Completed initialization in 1 ms","logger_name":"org.springframework.web.servlet.DispatcherServlet","thread_name":"http-nio-8080-exec-2","level":"INFO"}
{"timestamp":"2024-12-23T18:54:12.3002282Z","message":"A product was created.","logger_name":"com.tokioschool.praticas.controllers.ProductController","thread_name":"http-nio-8080-exec-8","level":"INFO","endpoint":"/products/create_product","method":"POST","userId":"8","roles":"[Role(id=2, name=ADMIN)]","username":"TokyoAdmin","createdProduct":{"id":37,"name":"coiso","price":6.0,"weight":6.0,"stock":6,"image":"","description":""}}
{"timestamp":"2024-12-23T18:58:38.4025579Z","message":"A product was created.","logger_name":"com.tokioschool.praticas.controllers.ProductController","thread_name":"http-nio-8080-exec-8","level":"INFO","endpoint":"/products/create_product","method":"POST","userId":"8","roles":"[Role(id=2, name=ADMIN)]","username":"TokyoAdmin","createdProduct":{"id":38,"name":"coiso","price":6.0,"weight":6.0,"stock":6,"image":"","description":""}}
{"timestamp":"2024-12-23T18:59:31.123534Z","message":"Closing JPA EntityManagerFactory for persistence unit 'default'","logger_name":"org.springframework.orm.jpa.LocalContainerEntityManagerFactoryBean","thread_name":"SpringApplicationShutdownHook","level":"INFO"}
{"timestamp":"2024-12-23T18:59:31.125565Z","message":"HikariPool-1 - Shutdown initiated...","logger_name":"com.zaxxer.hikari.HikariDataSource","thread_name":"SpringApplicationShutdownHook","level":"INFO"}
{"timestamp":"2024-12-23T18:59:31.1308788Z","message":"HikariPool-1 - Shutdown completed.","logger_name":"com.zaxxer.hikari.HikariDataSource","thread_name":"SpringApplicationShutdownHook","level":"INFO"}
